  [1m[35m (0.2ms)[0m  [1m[34mSELECT sqlite_version(*)[0m
  [1m[35m (1.1ms)[0m  [1m[35mCREATE TABLE "schema_migrations" ("version" varchar NOT NULL PRIMARY KEY)[0m
  [1m[35m (1.6ms)[0m  [1m[35mCREATE TABLE "ar_internal_metadata" ("key" varchar NOT NULL PRIMARY KEY, "value" varchar, "created_at" datetime NOT NULL, "updated_at" datetime NOT NULL)[0m
  [1m[35m (0.3ms)[0m  [1m[34mSELECT "schema_migrations"."version" FROM "schema_migrations" ORDER BY "schema_migrations"."version" ASC[0m
Migrating to CreateIdeas (20180327143357)
  [1m[35m (0.1ms)[0m  [1m[36mbegin transaction[0m
  [1m[35m (0.3ms)[0m  [1m[35mCREATE TABLE "ideas" ("id" INTEGER PRIMARY KEY AUTOINCREMENT NOT NULL, "title" varchar, "body" varchar, "created_at" datetime NOT NULL, "updated_at" datetime NOT NULL)[0m
  [1m[35mSQL (0.1ms)[0m  [1m[32mINSERT INTO "schema_migrations" ("version") VALUES (?)[0m  [["version", "20180327143357"]]
  [1m[35m (0.9ms)[0m  [1m[36mcommit transaction[0m
  [1m[36mActiveRecord::InternalMetadata Load (0.1ms)[0m  [1m[34mSELECT  "ar_internal_metadata".* FROM "ar_internal_metadata" WHERE "ar_internal_metadata"."key" = ? LIMIT ?[0m  [["key", "environment"], ["LIMIT", 1]]
  [1m[35m (0.1ms)[0m  [1m[36mbegin transaction[0m
  [1m[35mSQL (0.3ms)[0m  [1m[32mINSERT INTO "ar_internal_metadata" ("key", "value", "created_at", "updated_at") VALUES (?, ?, ?, ?)[0m  [["key", "environment"], ["value", "development"], ["created_at", "2018-03-27 14:34:05.609923"], ["updated_at", "2018-03-27 14:34:05.609923"]]
  [1m[35m (0.8ms)[0m  [1m[36mcommit transaction[0m
  [1m[35m (0.1ms)[0m  [1m[34mSELECT "schema_migrations"."version" FROM "schema_migrations" ORDER BY "schema_migrations"."version" ASC[0m
  [1m[35m (0.6ms)[0m  [1m[34mSELECT "schema_migrations"."version" FROM "schema_migrations" ORDER BY "schema_migrations"."version" ASC[0m
  [1m[35m (0.1ms)[0m  [1m[36mbegin transaction[0m
  [1m[35mSQL (1.2ms)[0m  [1m[32mINSERT INTO "ideas" ("title", "body", "created_at", "updated_at") VALUES (?, ?, ?, ?)[0m  [["title", "A new cake recipe"], ["body", "Made of chocolate"], ["created_at", "2018-03-27 14:34:50.618688"], ["updated_at", "2018-03-27 14:34:50.618688"]]
  [1m[35m (0.6ms)[0m  [1m[36mcommit transaction[0m
  [1m[35m (0.2ms)[0m  [1m[36mbegin transaction[0m
  [1m[35mSQL (0.2ms)[0m  [1m[32mINSERT INTO "ideas" ("title", "body", "created_at", "updated_at") VALUES (?, ?, ?, ?)[0m  [["title", "A twitter client idea"], ["body", "Only for replying to mentions and DMs"], ["created_at", "2018-03-27 14:34:50.621918"], ["updated_at", "2018-03-27 14:34:50.621918"]]
  [1m[35m (0.6ms)[0m  [1m[36mcommit transaction[0m
  [1m[35m (0.0ms)[0m  [1m[36mbegin transaction[0m
  [1m[35mSQL (0.2ms)[0m  [1m[32mINSERT INTO "ideas" ("title", "body", "created_at", "updated_at") VALUES (?, ?, ?, ?)[0m  [["title", "A novel set in Italy"], ["body", "A mafia crime drama starring Berlusconi"], ["created_at", "2018-03-27 14:34:50.623786"], ["updated_at", "2018-03-27 14:34:50.623786"]]
  [1m[35m (0.6ms)[0m  [1m[36mcommit transaction[0m
  [1m[35m (0.0ms)[0m  [1m[36mbegin transaction[0m
  [1m[35mSQL (0.2ms)[0m  [1m[32mINSERT INTO "ideas" ("title", "body", "created_at", "updated_at") VALUES (?, ?, ?, ?)[0m  [["title", "Card game design"], ["body", "Like Uno but involves drinking"], ["created_at", "2018-03-27 14:34:50.625485"], ["updated_at", "2018-03-27 14:34:50.625485"]]
  [1m[35m (0.6ms)[0m  [1m[36mcommit transaction[0m
Started GET "/api/v1/ideas" for ::1 at 2018-03-27 15:40:35 +0100
  [1m[35m (0.5ms)[0m  [1m[34mSELECT "schema_migrations"."version" FROM "schema_migrations" ORDER BY "schema_migrations"."version" ASC[0m
Processing by Api::V1::IdeasController#index as */*
  [1m[36mIdea Load (0.7ms)[0m  [1m[34mSELECT "ideas".* FROM "ideas"[0m
Completed 200 OK in 16ms (Views: 12.0ms | ActiveRecord: 1.4ms)


Started GET "/api/v1/ideas" for ::1 at 2018-03-27 15:42:19 +0100
Processing by Api::V1::IdeasController#index as HTML
  [1m[36mIdea Load (0.2ms)[0m  [1m[34mSELECT "ideas".* FROM "ideas"[0m
Completed 200 OK in 3ms (Views: 2.4ms | ActiveRecord: 0.6ms)


Started GET "/favicon.ico" for ::1 at 2018-03-27 15:42:21 +0100
  
ActionController::RoutingError (No route matches [GET] "/favicon.ico"):
  
actionpack (5.1.5) lib/action_dispatch/middleware/debug_exceptions.rb:63:in `call'
actionpack (5.1.5) lib/action_dispatch/middleware/show_exceptions.rb:31:in `call'
railties (5.1.5) lib/rails/rack/logger.rb:36:in `call_app'
railties (5.1.5) lib/rails/rack/logger.rb:24:in `block in call'
activesupport (5.1.5) lib/active_support/tagged_logging.rb:69:in `block in tagged'
activesupport (5.1.5) lib/active_support/tagged_logging.rb:26:in `tagged'
activesupport (5.1.5) lib/active_support/tagged_logging.rb:69:in `tagged'
railties (5.1.5) lib/rails/rack/logger.rb:24:in `call'
actionpack (5.1.5) lib/action_dispatch/middleware/remote_ip.rb:79:in `call'
actionpack (5.1.5) lib/action_dispatch/middleware/request_id.rb:25:in `call'
rack (2.0.4) lib/rack/runtime.rb:22:in `call'
activesupport (5.1.5) lib/active_support/cache/strategy/local_cache_middleware.rb:27:in `call'
actionpack (5.1.5) lib/action_dispatch/middleware/executor.rb:12:in `call'
actionpack (5.1.5) lib/action_dispatch/middleware/static.rb:125:in `call'
rack (2.0.4) lib/rack/sendfile.rb:111:in `call'
railties (5.1.5) lib/rails/engine.rb:522:in `call'
puma (3.11.3) lib/puma/configuration.rb:225:in `call'
puma (3.11.3) lib/puma/server.rb:624:in `handle_request'
puma (3.11.3) lib/puma/server.rb:438:in `process_client'
puma (3.11.3) lib/puma/server.rb:302:in `block in run'
puma (3.11.3) lib/puma/thread_pool.rb:120:in `block in spawn_thread'
Started GET "/" for ::1 at 2018-03-27 15:56:18 +0100
  
LoadError (cannot load such file -- /Users/adamsouthey/development/React-Rails-Ideaboard/ideaboard-api/config/routes.rb):
  
activesupport (5.1.5) lib/active_support/dependencies.rb:286:in `load'
activesupport (5.1.5) lib/active_support/dependencies.rb:286:in `block in load'
activesupport (5.1.5) lib/active_support/dependencies.rb:258:in `load_dependency'
activesupport (5.1.5) lib/active_support/dependencies.rb:286:in `load'
railties (5.1.5) lib/rails/application/routes_reloader.rb:55:in `block in load_paths'
railties (5.1.5) lib/rails/application/routes_reloader.rb:55:in `each'
railties (5.1.5) lib/rails/application/routes_reloader.rb:55:in `load_paths'
railties (5.1.5) lib/rails/application/routes_reloader.rb:18:in `reload!'
railties (5.1.5) lib/rails/application/routes_reloader.rb:41:in `block in updater'
activesupport (5.1.5) lib/active_support/file_update_checker.rb:81:in `execute'
railties (5.1.5) lib/rails/application/routes_reloader.rb:25:in `execute'
railties (5.1.5) lib/rails/application/finisher.rb:141:in `block (2 levels) in <module:Finisher>'
activesupport (5.1.5) lib/active_support/callbacks.rb:413:in `instance_exec'
activesupport (5.1.5) lib/active_support/callbacks.rb:413:in `block in make_lambda'
activesupport (5.1.5) lib/active_support/callbacks.rb:197:in `block (2 levels) in halting'
activesupport (5.1.5) lib/active_support/callbacks.rb:601:in `block (2 levels) in default_terminator'
activesupport (5.1.5) lib/active_support/callbacks.rb:600:in `catch'
activesupport (5.1.5) lib/active_support/callbacks.rb:600:in `block in default_terminator'
activesupport (5.1.5) lib/active_support/callbacks.rb:198:in `block in halting'
activesupport (5.1.5) lib/active_support/callbacks.rb:507:in `block in invoke_before'
activesupport (5.1.5) lib/active_support/callbacks.rb:507:in `each'
activesupport (5.1.5) lib/active_support/callbacks.rb:507:in `invoke_before'
activesupport (5.1.5) lib/active_support/callbacks.rb:130:in `run_callbacks'
activesupport (5.1.5) lib/active_support/execution_wrapper.rb:108:in `run!'
activesupport (5.1.5) lib/active_support/reloader.rb:113:in `run!'
activesupport (5.1.5) lib/active_support/execution_wrapper.rb:70:in `block in run!'
activesupport (5.1.5) lib/active_support/execution_wrapper.rb:67:in `tap'
activesupport (5.1.5) lib/active_support/execution_wrapper.rb:67:in `run!'
activesupport (5.1.5) lib/active_support/reloader.rb:59:in `run!'
actionpack (5.1.5) lib/action_dispatch/middleware/executor.rb:10:in `call'
actionpack (5.1.5) lib/action_dispatch/middleware/debug_exceptions.rb:59:in `call'
actionpack (5.1.5) lib/action_dispatch/middleware/show_exceptions.rb:31:in `call'
railties (5.1.5) lib/rails/rack/logger.rb:36:in `call_app'
railties (5.1.5) lib/rails/rack/logger.rb:24:in `block in call'
activesupport (5.1.5) lib/active_support/tagged_logging.rb:69:in `block in tagged'
activesupport (5.1.5) lib/active_support/tagged_logging.rb:26:in `tagged'
activesupport (5.1.5) lib/active_support/tagged_logging.rb:69:in `tagged'
railties (5.1.5) lib/rails/rack/logger.rb:24:in `call'
actionpack (5.1.5) lib/action_dispatch/middleware/remote_ip.rb:79:in `call'
actionpack (5.1.5) lib/action_dispatch/middleware/request_id.rb:25:in `call'
rack (2.0.4) lib/rack/runtime.rb:22:in `call'
activesupport (5.1.5) lib/active_support/cache/strategy/local_cache_middleware.rb:27:in `call'
actionpack (5.1.5) lib/action_dispatch/middleware/executor.rb:12:in `call'
actionpack (5.1.5) lib/action_dispatch/middleware/static.rb:125:in `call'
rack (2.0.4) lib/rack/sendfile.rb:111:in `call'
railties (5.1.5) lib/rails/engine.rb:522:in `call'
puma (3.11.3) lib/puma/configuration.rb:225:in `call'
puma (3.11.3) lib/puma/server.rb:624:in `handle_request'
puma (3.11.3) lib/puma/server.rb:438:in `process_client'
puma (3.11.3) lib/puma/server.rb:302:in `block in run'
puma (3.11.3) lib/puma/thread_pool.rb:120:in `block in spawn_thread'
Started GET "/api/v1/ideas.json" for ::1 at 2018-03-27 16:21:24 +0100
  
ActionController::RoutingError (No route matches [GET] "/api/v1/ideas.json"):
  
actionpack (5.1.5) lib/action_dispatch/middleware/debug_exceptions.rb:63:in `call'
actionpack (5.1.5) lib/action_dispatch/middleware/show_exceptions.rb:31:in `call'
railties (5.1.5) lib/rails/rack/logger.rb:36:in `call_app'
railties (5.1.5) lib/rails/rack/logger.rb:24:in `block in call'
activesupport (5.1.5) lib/active_support/tagged_logging.rb:69:in `block in tagged'
activesupport (5.1.5) lib/active_support/tagged_logging.rb:26:in `tagged'
activesupport (5.1.5) lib/active_support/tagged_logging.rb:69:in `tagged'
railties (5.1.5) lib/rails/rack/logger.rb:24:in `call'
actionpack (5.1.5) lib/action_dispatch/middleware/remote_ip.rb:79:in `call'
actionpack (5.1.5) lib/action_dispatch/middleware/request_id.rb:25:in `call'
rack (2.0.4) lib/rack/runtime.rb:22:in `call'
activesupport (5.1.5) lib/active_support/cache/strategy/local_cache_middleware.rb:27:in `call'
actionpack (5.1.5) lib/action_dispatch/middleware/executor.rb:12:in `call'
actionpack (5.1.5) lib/action_dispatch/middleware/static.rb:125:in `call'
rack (2.0.4) lib/rack/sendfile.rb:111:in `call'
railties (5.1.5) lib/rails/engine.rb:522:in `call'
puma (3.11.3) lib/puma/configuration.rb:225:in `call'
puma (3.11.3) lib/puma/server.rb:624:in `handle_request'
puma (3.11.3) lib/puma/server.rb:438:in `process_client'
puma (3.11.3) lib/puma/server.rb:302:in `block in run'
puma (3.11.3) lib/puma/thread_pool.rb:120:in `block in spawn_thread'
Started GET "/api/v1/ideas.json" for ::1 at 2018-03-27 16:31:57 +0100
  [1m[35m (0.4ms)[0m  [1m[34mSELECT "schema_migrations"."version" FROM "schema_migrations" ORDER BY "schema_migrations"."version" ASC[0m
Processing by Api::V1::IdeasController#index as JSON
  [1m[36mIdea Load (0.4ms)[0m  [1m[34mSELECT "ideas".* FROM "ideas"[0m
Completed 200 OK in 9ms (Views: 5.3ms | ActiveRecord: 0.8ms)


